<?xml version="1.0" encoding="UTF-8"?>
<!-- Generated by org.testng.reporters.JUnitReportReporter -->
<testsuite hostname="TSQA-L046" failures="0" tests="3" name="trident.RedBusAutomation.RedBusTestNG" time="15.497" errors="0" timestamp="2025-02-17T14:04:41 IST" skipped="0">
  <testcase classname="trident.RedBusAutomation.RedBusTestNG" name="f" time="0.001"/>
  <system-out/>
  <testcase classname="trident.RedBusAutomation.RedBusTestNG" name="SelectBus" time="8.564"/>
  <system-out/>
  <testcase classname="trident.RedBusAutomation.RedBusTestNG" name="HomePage" time="6.932"/>
  <system-out/>
</testsuite> <!-- trident.RedBusAutomation.RedBusTestNG -->
